2023-12-13T04:33:58.112731Z 0 [Warning] [MY-010097] [Server] Insecure configuration for --secure-file-priv: Current value does not restrict location of generated files. Consider setting it to a valid, non-empty path.
2023-12-13T04:33:58.112811Z 0 [Warning] [MY-010918] [Server] 'default_authentication_plugin' is deprecated and will be removed in a future release. Please use authentication_policy instead.
2023-12-13T04:33:58.112874Z 0 [System] [MY-010116] [Server] D:\laragon\bin\mysql\mysql-8.0.30-winx64\bin\mysqld (mysqld 8.0.30) starting as process 3328
2023-12-13T04:33:58.186692Z 1 [System] [MY-013576] [InnoDB] InnoDB initialization has started.
2023-12-13T04:33:59.238966Z 1 [System] [MY-013577] [InnoDB] InnoDB initialization has ended.
2023-12-13T04:34:00.046208Z 0 [Warning] [MY-013829] [Server] Missing data directory for ICU regular expressions: D:\laragon\bin\mysql\mysql-8.0.30-winx64\lib\private\.
2023-12-13T04:34:00.056141Z 0 [Warning] [MY-010068] [Server] CA certificate ca.pem is self signed.
2023-12-13T04:34:00.057643Z 0 [System] [MY-013602] [Server] Channel mysql_main configured to support TLS. Encrypted connections are now supported for this channel.
2023-12-13T04:34:00.124763Z 0 [System] [MY-011323] [Server] X Plugin ready for connections. Bind-address: '::' port: 33060
2023-12-13T04:34:00.125008Z 0 [System] [MY-010931] [Server] D:\laragon\bin\mysql\mysql-8.0.30-winx64\bin\mysqld: ready for connections. Version: '8.0.30'  socket: ''  port: 3306  MySQL Community Server - GPL.
2023-12-13T04:36:11.705571Z 8 [System] [MY-013172] [Server] Received SHUTDOWN from user root. Shutting down mysqld (Version: 8.0.30).
2023-12-13T04:36:11.707550Z 0 [System] [MY-013105] [Server] D:\laragon\bin\mysql\mysql-8.0.30-winx64\bin\mysqld: Normal shutdown.
2023-12-13T04:36:12.329290Z 0 [System] [MY-010910] [Server] D:\laragon\bin\mysql\mysql-8.0.30-winx64\bin\mysqld: Shutdown complete (mysqld 8.0.30)  MySQL Community Server - GPL.
2023-12-13T04:37:51.110947Z 0 [Warning] [MY-010097] [Server] Insecure configuration for --secure-file-priv: Current value does not restrict location of generated files. Consider setting it to a valid, non-empty path.
2023-12-13T04:37:51.111142Z 0 [Warning] [MY-010918] [Server] 'default_authentication_plugin' is deprecated and will be removed in a future release. Please use authentication_policy instead.
2023-12-13T04:37:51.111245Z 0 [System] [MY-010116] [Server] D:\laragon\bin\mysql\mysql-8.0.30-winx64\bin\mysqld (mysqld 8.0.30) starting as process 11180
2023-12-13T04:37:51.194466Z 1 [System] [MY-013576] [InnoDB] InnoDB initialization has started.
2023-12-13T04:37:52.329241Z 1 [System] [MY-013577] [InnoDB] InnoDB initialization has ended.
2023-12-13T04:37:53.102407Z 0 [Warning] [MY-013829] [Server] Missing data directory for ICU regular expressions: D:\laragon\bin\mysql\mysql-8.0.30-winx64\lib\private\.
2023-12-13T04:37:53.115130Z 0 [Warning] [MY-010068] [Server] CA certificate ca.pem is self signed.
2023-12-13T04:37:53.116584Z 0 [System] [MY-013602] [Server] Channel mysql_main configured to support TLS. Encrypted connections are now supported for this channel.
2023-12-13T04:37:53.193841Z 0 [System] [MY-011323] [Server] X Plugin ready for connections. Bind-address: '::' port: 33060
2023-12-13T04:37:53.194221Z 0 [System] [MY-010931] [Server] D:\laragon\bin\mysql\mysql-8.0.30-winx64\bin\mysqld: ready for connections. Version: '8.0.30'  socket: ''  port: 3306  MySQL Community Server - GPL.
2023-12-13T04:43:14.611132Z 8 [System] [MY-013172] [Server] Received SHUTDOWN from user root. Shutting down mysqld (Version: 8.0.30).
2023-12-13T04:43:14.613193Z 0 [System] [MY-013105] [Server] D:\laragon\bin\mysql\mysql-8.0.30-winx64\bin\mysqld: Normal shutdown.
2023-12-13T04:43:15.050647Z 0 [System] [MY-010910] [Server] D:\laragon\bin\mysql\mysql-8.0.30-winx64\bin\mysqld: Shutdown complete (mysqld 8.0.30)  MySQL Community Server - GPL.
2023-12-13T04:45:30.421269Z 0 [Warning] [MY-010097] [Server] Insecure configuration for --secure-file-priv: Current value does not restrict location of generated files. Consider setting it to a valid, non-empty path.
2023-12-13T04:45:30.421365Z 0 [Warning] [MY-010918] [Server] 'default_authentication_plugin' is deprecated and will be removed in a future release. Please use authentication_policy instead.
2023-12-13T04:45:30.421485Z 0 [System] [MY-010116] [Server] D:\laragon\bin\mysql\mysql-8.0.30-winx64\bin\mysqld (mysqld 8.0.30) starting as process 13056
2023-12-13T04:45:30.470158Z 1 [System] [MY-013576] [InnoDB] InnoDB initialization has started.
2023-12-13T04:45:31.549998Z 1 [System] [MY-013577] [InnoDB] InnoDB initialization has ended.
2023-12-13T04:45:32.322469Z 0 [Warning] [MY-013829] [Server] Missing data directory for ICU regular expressions: D:\laragon\bin\mysql\mysql-8.0.30-winx64\lib\private\.
2023-12-13T04:45:32.334213Z 0 [Warning] [MY-010068] [Server] CA certificate ca.pem is self signed.
2023-12-13T04:45:32.335606Z 0 [System] [MY-013602] [Server] Channel mysql_main configured to support TLS. Encrypted connections are now supported for this channel.
2023-12-13T04:45:32.407001Z 0 [System] [MY-011323] [Server] X Plugin ready for connections. Bind-address: '::' port: 33060
2023-12-13T04:45:32.407388Z 0 [System] [MY-010931] [Server] D:\laragon\bin\mysql\mysql-8.0.30-winx64\bin\mysqld: ready for connections. Version: '8.0.30'  socket: ''  port: 3306  MySQL Community Server - GPL.
2023-12-13T04:48:47.487526Z 8 [System] [MY-013172] [Server] Received SHUTDOWN from user root. Shutting down mysqld (Version: 8.0.30).
2023-12-13T04:48:47.489527Z 0 [System] [MY-013105] [Server] D:\laragon\bin\mysql\mysql-8.0.30-winx64\bin\mysqld: Normal shutdown.
2023-12-13T04:48:48.753491Z 0 [System] [MY-010910] [Server] D:\laragon\bin\mysql\mysql-8.0.30-winx64\bin\mysqld: Shutdown complete (mysqld 8.0.30)  MySQL Community Server - GPL.
2023-12-13T04:49:54.599117Z 0 [Warning] [MY-010097] [Server] Insecure configuration for --secure-file-priv: Current value does not restrict location of generated files. Consider setting it to a valid, non-empty path.
2023-12-13T04:49:54.599196Z 0 [Warning] [MY-010918] [Server] 'default_authentication_plugin' is deprecated and will be removed in a future release. Please use authentication_policy instead.
2023-12-13T04:49:54.599243Z 0 [System] [MY-010116] [Server] D:\laragon\bin\mysql\mysql-8.0.30-winx64\bin\mysqld (mysqld 8.0.30) starting as process 13420
2023-12-13T04:49:54.701152Z 1 [System] [MY-013576] [InnoDB] InnoDB initialization has started.
2023-12-13T04:49:55.556455Z 1 [System] [MY-013577] [InnoDB] InnoDB initialization has ended.
2023-12-13T04:49:56.360170Z 0 [Warning] [MY-013829] [Server] Missing data directory for ICU regular expressions: D:\laragon\bin\mysql\mysql-8.0.30-winx64\lib\private\.
2023-12-13T04:49:56.417055Z 0 [Warning] [MY-010068] [Server] CA certificate ca.pem is self signed.
2023-12-13T04:49:56.418813Z 0 [System] [MY-013602] [Server] Channel mysql_main configured to support TLS. Encrypted connections are now supported for this channel.
2023-12-13T04:49:56.524146Z 0 [System] [MY-011323] [Server] X Plugin ready for connections. Bind-address: '::' port: 33060
2023-12-13T04:49:56.524588Z 0 [System] [MY-010931] [Server] D:\laragon\bin\mysql\mysql-8.0.30-winx64\bin\mysqld: ready for connections. Version: '8.0.30'  socket: ''  port: 3306  MySQL Community Server - GPL.
2023-12-13T04:52:21.460483Z 8 [System] [MY-013172] [Server] Received SHUTDOWN from user root. Shutting down mysqld (Version: 8.0.30).
2023-12-13T04:52:21.463149Z 0 [System] [MY-013105] [Server] D:\laragon\bin\mysql\mysql-8.0.30-winx64\bin\mysqld: Normal shutdown.
2023-12-13T04:52:22.156237Z 0 [System] [MY-010910] [Server] D:\laragon\bin\mysql\mysql-8.0.30-winx64\bin\mysqld: Shutdown complete (mysqld 8.0.30)  MySQL Community Server - GPL.
2023-12-13T04:56:14.248976Z 0 [Warning] [MY-010097] [Server] Insecure configuration for --secure-file-priv: Current value does not restrict location of generated files. Consider setting it to a valid, non-empty path.
2023-12-13T04:56:14.249093Z 0 [Warning] [MY-010918] [Server] 'default_authentication_plugin' is deprecated and will be removed in a future release. Please use authentication_policy instead.
2023-12-13T04:56:14.249163Z 0 [System] [MY-010116] [Server] D:\laragon\bin\mysql\mysql-8.0.30-winx64\bin\mysqld (mysqld 8.0.30) starting as process 6016
2023-12-13T04:56:14.292347Z 1 [System] [MY-013576] [InnoDB] InnoDB initialization has started.
2023-12-13T04:56:15.282750Z 1 [System] [MY-013577] [InnoDB] InnoDB initialization has ended.
2023-12-13T04:56:16.107535Z 0 [Warning] [MY-013829] [Server] Missing data directory for ICU regular expressions: D:\laragon\bin\mysql\mysql-8.0.30-winx64\lib\private\.
2023-12-13T04:56:16.120793Z 0 [Warning] [MY-010068] [Server] CA certificate ca.pem is self signed.
2023-12-13T04:56:16.122230Z 0 [System] [MY-013602] [Server] Channel mysql_main configured to support TLS. Encrypted connections are now supported for this channel.
2023-12-13T04:56:16.198143Z 0 [System] [MY-011323] [Server] X Plugin ready for connections. Bind-address: '::' port: 33060
2023-12-13T04:56:16.198513Z 0 [System] [MY-010931] [Server] D:\laragon\bin\mysql\mysql-8.0.30-winx64\bin\mysqld: ready for connections. Version: '8.0.30'  socket: ''  port: 3306  MySQL Community Server - GPL.
2023-12-13T04:56:18.582662Z 8 [System] [MY-013172] [Server] Received SHUTDOWN from user root. Shutting down mysqld (Version: 8.0.30).
2023-12-13T04:56:18.584622Z 0 [System] [MY-013105] [Server] D:\laragon\bin\mysql\mysql-8.0.30-winx64\bin\mysqld: Normal shutdown.
2023-12-13T04:56:18.956945Z 0 [System] [MY-010910] [Server] D:\laragon\bin\mysql\mysql-8.0.30-winx64\bin\mysqld: Shutdown complete (mysqld 8.0.30)  MySQL Community Server - GPL.
2023-12-13T04:58:55.628093Z 0 [Warning] [MY-010097] [Server] Insecure configuration for --secure-file-priv: Current value does not restrict location of generated files. Consider setting it to a valid, non-empty path.
2023-12-13T04:58:55.628182Z 0 [Warning] [MY-010918] [Server] 'default_authentication_plugin' is deprecated and will be removed in a future release. Please use authentication_policy instead.
2023-12-13T04:58:55.628232Z 0 [System] [MY-010116] [Server] D:\laragon\bin\mysql\mysql-8.0.30-winx64\bin\mysqld (mysqld 8.0.30) starting as process 8556
2023-12-13T04:58:55.695678Z 1 [System] [MY-013576] [InnoDB] InnoDB initialization has started.
2023-12-13T04:58:56.811757Z 1 [System] [MY-013577] [InnoDB] InnoDB initialization has ended.
2023-12-13T04:58:57.835986Z 0 [Warning] [MY-013829] [Server] Missing data directory for ICU regular expressions: D:\laragon\bin\mysql\mysql-8.0.30-winx64\lib\private\.
2023-12-13T04:58:57.853764Z 0 [Warning] [MY-010068] [Server] CA certificate ca.pem is self signed.
2023-12-13T04:58:57.856190Z 0 [System] [MY-013602] [Server] Channel mysql_main configured to support TLS. Encrypted connections are now supported for this channel.
2023-12-13T04:58:57.994523Z 0 [System] [MY-011323] [Server] X Plugin ready for connections. Bind-address: '::' port: 33060
2023-12-13T04:58:57.995149Z 0 [System] [MY-010931] [Server] D:\laragon\bin\mysql\mysql-8.0.30-winx64\bin\mysqld: ready for connections. Version: '8.0.30'  socket: ''  port: 3306  MySQL Community Server - GPL.
2023-12-13T04:58:59.364713Z 8 [System] [MY-013172] [Server] Received SHUTDOWN from user root. Shutting down mysqld (Version: 8.0.30).
2023-12-13T04:58:59.366654Z 0 [System] [MY-013105] [Server] D:\laragon\bin\mysql\mysql-8.0.30-winx64\bin\mysqld: Normal shutdown.
2023-12-13T04:58:59.706957Z 0 [System] [MY-010910] [Server] D:\laragon\bin\mysql\mysql-8.0.30-winx64\bin\mysqld: Shutdown complete (mysqld 8.0.30)  MySQL Community Server - GPL.
